#
# A fatal error has been detected by the Java Runtime Environment:
#
#  EXCEPTION_ACCESS_VIOLATION (0xc0000005) at pc=0x000000006aadf51b, pid=17628, tid=0x00000000000010d4
#
# JRE version: OpenJDK Runtime Environment (8.0_212-b04) (build 1.8.0_212-release-1586-b04)
# Java VM: OpenJDK 64-Bit Server VM (25.212-b04 mixed mode windows-amd64 compressed oops)
# Problematic frame:
# V  [jvm.dll+0xef51b]
#
# Failed to write core dump. Minidumps are not enabled by default on client versions of Windows
#
# If you would like to submit a bug report, please visit:
#   
#

---------------  T H R E A D  ---------------

Current thread (0x00000000027ac000):  GCTaskThread [stack: 0x0000000012460000,0x0000000012560000] [id=4308]

siginfo: ExceptionCode=0xc0000005, reading address 0x00000000000000d0

Registers:
RAX=0x0000000012b60000, RBX=0x00000000a075f440, RCX=0x0000000000000003, RDX=0x0000000000000001
RSP=0x000000001255f900, RBP=0x00000000b613ac84, RSI=0x0000000002885680, RDI=0x0000000002885680
R8 =0x00000000000000c8, R9 =0x00000001002fe208, R10=0x000000000000000c, R11=0x000000006afbade8
R12=0x00000000b613aca0, R13=0x00000001002fe3e8, R14=0x00000001002fe3f0, R15=0x00000000b613ac68
RIP=0x000000006aadf51b, EFLAGS=0x0000000000010202

Top of Stack: (sp=0x000000001255f900)
0x000000001255f900:   00000001002fe208 00000000b613ac44
0x000000001255f910:   0000000000000007 000000006abe6622
0x000000001255f920:   0000000000000000 00000000000083b0
0x000000001255f930:   000000002960aff8 000000000279dc80
0x000000001255f940:   000000000000175b 000000006adb5f60
0x000000001255f950:   000000001774eb18 00000000166d54d0
0x000000001255f960:   0000000002885680 0000000029604750
0x000000001255f970:   0000000000000000 0000000000000c00
0x000000001255f980:   0000000000000000 0000000000000000
0x000000001255f990:   0000000000000000 0000000034725800
0x000000001255f9a0:   0000000000000001 000000002228b801
0x000000001255f9b0:   0000f347dbc5c163 000000002960aff8
0x000000001255f9c0:   00000000027ac530 00000000000083b0
0x000000001255f9d0:   0000000029604750 000000000279dc80
0x000000001255f9e0:   0000000029603010 00000000166d54d0
0x000000001255f9f0:   0000000002885680 000000006adb2c43 

Instructions: (pc=0x000000006aadf51b)
0x000000006aadf4fb:   6d 00 84 d2 74 16 44 8b 43 08 8b 0d 0d 12 67 00
0x000000006aadf50b:   49 d3 e0 4c 03 05 fb 11 67 00 eb 04 4c 8b 43 08
0x000000006aadf51b:   45 8b 48 08 45 85 c9 7e 0c 41 f6 c1 01 75 4b 41
0x000000006aadf52b:   c1 f9 03 eb 57 79 43 84 d2 41 8b c9 b8 10 00 00 


Register to memory mapping:

RAX=0x0000000012b60000 is an unknown value
RBX=0x00000000a075f440 is pointing into object: 0x00000000a075f430
[Ljava.lang.Class; 
 - klass: 'java/lang/Class'[]
 - length: 1
RCX=0x0000000000000003 is an unknown value
RDX=0x0000000000000001 is an unknown value
RSP=0x000000001255f900 is an unknown value
RBP=0x00000000b613ac84 is pointing into object: 0x00000000b613ac68
org.codehaus.groovy.runtime.metaclass.MetaMethodIndex$Entry 
 - klass: 'org/codehaus/groovy/runtime/metaclass/MetaMethodIndex$Entry'
RSI=0x0000000002885680 is an unknown value
RDI=0x0000000002885680 is an unknown value
R8 =0x00000000000000c8 is an unknown value
R9 =0x00000001002fe208 is pointing into metadata
R10=0x000000000000000c is an unknown value
R11=0x000000006afbade8 is an unknown value
R12=0x00000000b613aca0 is an oop
org.codehaus.groovy.util.FastArray 
 - klass: 'org/codehaus/groovy/util/FastArray'
R13=0x00000001002fe3e8 is pointing into metadata
R14=0x00000001002fe3f0 is pointing into metadata
R15=0x00000000b613ac68 is an oop
org.codehaus.groovy.runtime.metaclass.MetaMethodIndex$Entry 
 - klass: 'org/codehaus/groovy/runtime/metaclass/MetaMethodIndex$Entry'


Stack: [0x0000000012460000,0x0000000012560000],  sp=0x000000001255f900,  free space=1022k
Native frames: (J=compiled Java code, j=interpreted, Vv=VM code, C=native code)
V  [jvm.dll+0xef51b]
V  [jvm.dll+0x3c5f60]
V  [jvm.dll+0x3c2c43]
V  [jvm.dll+0x3c0a0e]
V  [jvm.dll+0x26f53a]
C  [msvcr100.dll+0x21d9f]
C  [msvcr100.dll+0x21e3b]
C  [KERNEL32.DLL+0x17bd4]
C  [ntdll.dll+0x6ced1]


---------------  P R O C E S S  ---------------

Java Threads: ( => current thread )
  0x000000001dc55800 JavaThread "Cache worker for Java compile cache (C:\Users\Ready Care\Downloads\bpsdkaall3016\bpsdkaall3016\bpsdka3016\bpsdka3016\SteriSmart\.gradle\5.6.4\javaCompile)" [_thread_blocked, id=10576, stack(0x000000003d2d0000,0x000000003d3d0000)]
  0x0000000034725800 JavaThread "WorkerExecutor Queue Thread 13" [_thread_blocked, id=4632, stack(0x000000003d1d0000,0x000000003d2d0000)]
  0x000000003471b800 JavaThread "RMI TCP Connection(185)-127.0.0.1" daemon [_thread_in_native, id=19384, stack(0x000000003d0d0000,0x000000003d1d0000)]
  0x0000000034721800 JavaThread "RMI TCP Connection(183)-127.0.0.1" daemon [_thread_in_native, id=5796, stack(0x000000003cfd0000,0x000000003d0d0000)]
  0x0000000034721000 JavaThread "RMI RenewClean-[127.0.0.1:17572,org.jetbrains.kotlin.daemon.common.LoopbackNetworkInterface$ClientLoopbackSocketFactory@f569b8d]" daemon [_thread_blocked, id=5256, stack(0x000000003ced0000,0x000000003cfd0000)]
  0x0000000034718800 JavaThread "WorkerExecutor Queue Thread 12" [_thread_blocked, id=8348, stack(0x000000003cdd0000,0x000000003ced0000)]
  0x0000000034719800 JavaThread "WorkerExecutor Queue Thread 11" [_thread_blocked, id=19312, stack(0x000000003c8b0000,0x000000003c9b0000)]
  0x000000003471f800 JavaThread "WorkerExecutor Queue Thread 10" [_thread_blocked, id=5884, stack(0x000000003bfb0000,0x000000003c0b0000)]
  0x000000003471d000 JavaThread "WorkerExecutor Queue Thread 9" [_thread_blocked, id=13680, stack(0x000000003beb0000,0x000000003bfb0000)]
  0x0000000034718000 JavaThread "stdout" [_thread_in_native, id=3192, stack(0x000000003bdb0000,0x000000003beb0000)]
  0x000000003471c800 JavaThread "stderr" [_thread_in_native, id=12904, stack(0x000000003b9c0000,0x000000003bac0000)]
  0x0000000029ed1800 JavaThread "stdout" [_thread_in_native, id=13324, stack(0x000000003b8c0000,0x000000003b9c0000)]
  0x0000000029ed0000 JavaThread "stderr" [_thread_in_native, id=18276, stack(0x000000003b7c0000,0x000000003b8c0000)]
  0x0000000029ecf800 JavaThread "stdout" [_thread_in_native, id=1580, stack(0x000000003b6c0000,0x000000003b7c0000)]
  0x0000000029ece800 JavaThread "stderr" [_thread_in_native, id=17564, stack(0x000000003b5c0000,0x000000003b6c0000)]
  0x0000000029ed1000 JavaThread "stdout" [_thread_in_native, id=10104, stack(0x0000000039490000,0x0000000039590000)]
  0x0000000029ec6800 JavaThread "stderr" [_thread_in_native, id=18856, stack(0x0000000039390000,0x0000000039490000)]
  0x0000000029ec5800 JavaThread "stdout" [_thread_in_native, id=2352, stack(0x0000000039290000,0x0000000039390000)]
  0x0000000029ec7000 JavaThread "stderr" [_thread_in_native, id=11600, stack(0x0000000039190000,0x0000000039290000)]
  0x0000000029ecb000 JavaThread "stdout" [_thread_in_native, id=1440, stack(0x0000000039090000,0x0000000039190000)]
  0x0000000029ec8000 JavaThread "stderr" [_thread_in_native, id=3320, stack(0x0000000038f90000,0x0000000039090000)]
  0x0000000029ec2800 JavaThread "stdout" [_thread_in_native, id=17584, stack(0x0000000038e90000,0x0000000038f90000)]
  0x0000000022379000 JavaThread "stderr" [_thread_in_native, id=6492, stack(0x0000000038d90000,0x0000000038e90000)]
  0x0000000022370800 JavaThread "stdout" [_thread_in_native, id=1680, stack(0x0000000038c90000,0x0000000038d90000)]
  0x0000000022376800 JavaThread "stderr" [_thread_in_native, id=7004, stack(0x0000000038b90000,0x0000000038c90000)]
  0x000000002236f000 JavaThread "WorkerExecutor Queue Thread 8" [_thread_blocked, id=9864, stack(0x00000000388d0000,0x00000000389d0000)]
  0x000000002236d800 JavaThread "WorkerExecutor Queue Thread 7" [_thread_blocked, id=10196, stack(0x00000000385d0000,0x00000000386d0000)]
  0x0000000022373000 JavaThread "WorkerExecutor Queue Thread 6" [_thread_blocked, id=2228, stack(0x00000000384d0000,0x00000000385d0000)]
  0x000000002236e800 JavaThread "WorkerExecutor Queue Thread 5" [_thread_blocked, id=5656, stack(0x00000000383d0000,0x00000000384d0000)]
  0x0000000022374800 JavaThread "WorkerExecutor Queue Thread 4" [_thread_blocked, id=7896, stack(0x00000000382d0000,0x00000000383d0000)]
  0x000000002236c000 JavaThread "pool-178-thread-1" [_thread_blocked, id=2420, stack(0x00000000381d0000,0x00000000382d0000)]
  0x000000002236b800 JavaThread "WorkerExecutor Queue Thread 3" [_thread_blocked, id=19236, stack(0x00000000380d0000,0x00000000381d0000)]
  0x0000000022372000 JavaThread "WorkerExecutor Queue Thread 2" [_thread_blocked, id=9904, stack(0x0000000037fd0000,0x00000000380d0000)]
  0x000000002453d800 JavaThread "WorkerExecutor Queue" [_thread_blocked, id=14956, stack(0x0000000037ed0000,0x0000000037fd0000)]
  0x0000000024542800 JavaThread "RMI RenewClean-[127.0.0.1:17572,org.jetbrains.kotlin.daemon.common.LoopbackNetworkInterface$ClientLoopbackSocketFactory@53b0ae71]" daemon [_thread_blocked, id=13600, stack(0x0000000037cd0000,0x0000000037dd0000)]
  0x0000000024542000 JavaThread "Cache worker for execution history cache (C:\Users\Ready Care\Downloads\bpsdkaall3016\bpsdkaall3016\bpsdka3016\bpsdka3016\SteriSmart\.gradle\5.6.4\executionHistory)" [_thread_blocked, id=14348, stack(0x0000000037ad0000,0x0000000037bd0000)]
  0x000000002453a800 JavaThread "Execution worker for ':' Thread 11" [_thread_blocked, id=2068, stack(0x00000000379d0000,0x0000000037ad0000)]
  0x0000000024541000 JavaThread "Execution worker for ':' Thread 10" [_thread_blocked, id=14920, stack(0x00000000376d0000,0x00000000377d0000)]
  0x0000000024539800 JavaThread "Execution worker for ':' Thread 9" [_thread_blocked, id=1456, stack(0x00000000375d0000,0x00000000376d0000)]
  0x000000002453b000 JavaThread "Execution worker for ':' Thread 8" [_thread_blocked, id=19144, stack(0x00000000373d0000,0x00000000374d0000)]
  0x000000002453f800 JavaThread "Execution worker for ':' Thread 7" [_thread_blocked, id=18904, stack(0x00000000372d0000,0x00000000373d0000)]
  0x000000002453e000 JavaThread "Execution worker for ':' Thread 6" [_thread_blocked, id=776, stack(0x00000000371d0000,0x00000000372d0000)]
  0x0000000024538000 JavaThread "Execution worker for ':' Thread 5" [_thread_blocked, id=18368, stack(0x00000000370d0000,0x00000000371d0000)]
  0x000000002453c800 JavaThread "Execution worker for ':' Thread 4" [_thread_blocked, id=9344, stack(0x0000000035fe0000,0x00000000360e0000)]
  0x000000002a685000 JavaThread "Execution worker for ':' Thread 3" [_thread_blocked, id=19128, stack(0x0000000035ee0000,0x0000000035fe0000)]
  0x000000002a684000 JavaThread "Execution worker for ':' Thread 2" [_thread_blocked, id=19200, stack(0x0000000035de0000,0x0000000035ee0000)]
  0x000000002a682000 JavaThread "Execution worker for ':'" [_thread_blocked, id=2184, stack(0x0000000033910000,0x0000000033a10000)]
  0x000000002a686800 JavaThread "Cache worker for file content cache (C:\Users\Ready Care\Downloads\bpsdkaall3016\bpsdkaall3016\bpsdka3016\bpsdka3016\SteriSmart\.gradle\5.6.4\fileContent)" [_thread_blocked, id=9744, stack(0x0000000032180000,0x0000000032280000)]
  0x000000002a67c000 JavaThread "Cache worker for Build Output Cleanup Cache (C:\Users\Ready Care\Downloads\bpsdkaall3016\bpsdkaall3016\bpsdka3016\bpsdka3016\SteriSmart\.gradle\buildOutputCleanup)" [_thread_blocked, id=10704, stack(0x0000000032080000,0x0000000032180000)]
  0x000000002a681000 JavaThread "pool-177-thread-1" [_thread_blocked, id=18596, stack(0x000000002fdb0000,0x000000002feb0000)]
  0x000000002a679000 JavaThread "Build operations Thread 12" [_thread_blocked, id=504, stack(0x000000002fcb0000,0x000000002fdb0000)]
  0x000000002a67d800 JavaThread "Build operations Thread 11" [_thread_blocked, id=17900, stack(0x000000002f160000,0x000000002f260000)]
  0x000000002a67f800 JavaThread "Build operations Thread 10" [_thread_blocked, id=19308, stack(0x000000002e450000,0x000000002e550000)]
  0x000000002a67f000 JavaThread "Build operations Thread 9" [_thread_blocked, id=5668, stack(0x000000002d870000,0x000000002d970000)]
  0x000000002a678000 JavaThread "Build operations Thread 8" [_thread_blocked, id=19036, stack(0x000000002c970000,0x000000002ca70000)]
  0x000000002a67c800 JavaThread "Build operations Thread 7" [_thread_blocked, id=12592, stack(0x0000000029100000,0x0000000029200000)]
  0x000000002a67b000 JavaThread "Build operations Thread 6" [_thread_blocked, id=2164, stack(0x0000000027f60000,0x0000000028060000)]
  0x000000002a67e000 JavaThread "Build operations Thread 5" [_thread_blocked, id=2948, stack(0x0000000027e60000,0x0000000027f60000)]
  0x00000000332d0800 JavaThread "Build operations Thread 4" [_thread_blocked, id=5840, stack(0x0000000027890000,0x0000000027990000)]
  0x00000000332cf000 JavaThread "Build operations Thread 3" [_thread_blocked, id=17136, stack(0x0000000026cc0000,0x0000000026dc0000)]
  0x00000000332cf800 JavaThread "Build operations Thread 2" [_thread_blocked, id=17092, stack(0x0000000026990000,0x0000000026a90000)]
  0x00000000332ce000 JavaThread "Build operations" [_thread_blocked, id=18800, stack(0x0000000026490000,0x0000000026590000)]
  0x00000000332c6000 JavaThread "Cache worker for cache directory md-rule (C:\Users\Ready Care\.gradle\caches\5.6.4\md-rule)" [_thread_blocked, id=6884, stack(0x0000000025570000,0x0000000025670000)]
  0x00000000332cc000 JavaThread "Cache worker for cache directory md-supplier (C:\Users\Ready Care\.gradle\caches\5.6.4\md-supplier)" [_thread_blocked, id=9064, stack(0x0000000025270000,0x0000000025370000)]
  0x00000000332c4800 JavaThread "Cache worker for file hash cache (C:\Users\Ready Care\Downloads\bpsdkaall3016\bpsdkaall3016\bpsdka3016\bpsdka3016\SteriSmart\.gradle\5.6.4\fileHashes)" [_thread_blocked, id=16500, stack(0x0000000023540000,0x0000000023640000)]
  0x00000000332c3800 JavaThread "Thread-2271" [_thread_blocked, id=8596, stack(0x0000000023240000,0x0000000023340000)]
  0x00000000332c3000 JavaThread "Stdin handler" [_thread_blocked, id=16316, stack(0x00000000216c0000,0x00000000217c0000)]
  0x00000000332c6800 JavaThread "Asynchronous log dispatcher for DefaultDaemonConnection: socket connection from /127.0.0.1:51307 to /127.0.0.1:54199" [_thread_blocked, id=5640, stack(0x000000001fd30000,0x000000001fe30000)]
  0x00000000332c9000 JavaThread "Cancel handler" [_thread_blocked, id=10408, stack(0x000000001d090000,0x000000001d190000)]
  0x00000000332c9800 JavaThread "Handler for socket connection from /127.0.0.1:51307 to /127.0.0.1:54199" [_thread_in_native, id=9572, stack(0x000000001cc90000,0x000000001cd90000)]
  0x000000001ebdd000 JavaThread "Daemon worker Thread 20" [_thread_blocked, id=18004, stack(0x000000001d590000,0x000000001d690000)]
  0x000000001ebda800 JavaThread "Daemon Thread 20" [_thread_blocked, id=12736, stack(0x00000000008d0000,0x00000000009d0000)]
  0x000000001ebd8800 JavaThread "RMI TCP Connection(184)-127.0.0.1" daemon [_thread_in_native, id=9908, stack(0x000000003dc20000,0x000000003dd20000)]
  0x000000001ebdf000 JavaThread "RMI RenewClean-[127.0.0.1:17572,org.jetbrains.kotlin.daemon.common.LoopbackNetworkInterface$ClientLoopbackSocketFactory@6e797f56]" daemon [_thread_blocked, id=18112, stack(0x0000000037dd0000,0x0000000037ed0000)]
  0x000000001ebdd800 JavaThread "RMI RenewClean-[127.0.0.1:17572,org.jetbrains.kotlin.daemon.common.LoopbackNetworkInterface$ClientLoopbackSocketFactory@56a9681e]" daemon [_thread_blocked, id=4828, stack(0x0000000037bd0000,0x0000000037cd0000)]
  0x000000001ee6d800 JavaThread "RMI TCP Accept-0" daemon [_thread_in_native, id=8944, stack(0x00000000374d0000,0x00000000375d0000)]
  0x000000002237a800 JavaThread "Cache worker for Java compile cache (C:\Users\Ready Care\.gradle\caches\5.6.4\javaCompile)" [_thread_blocked, id=11136, stack(0x000000002d1e0000,0x000000002d2e0000)]
  0x0000000024536000 JavaThread "RMI Reaper" [_thread_blocked, id=7100, stack(0x000000002d770000,0x000000002d870000)]
  0x0000000024539000 JavaThread "RMI TCP Accept-0" daemon [_thread_in_native, id=11452, stack(0x000000002ca70000,0x000000002cb70000)]
  0x0000000024535000 JavaThread "GC Daemon" daemon [_thread_blocked, id=7628, stack(0x000000002c870000,0x000000002c970000)]
  0x0000000024536800 JavaThread "RMI Scheduler(0)" daemon [_thread_blocked, id=4660, stack(0x000000002c570000,0x000000002c670000)]
  0x0000000022376000 JavaThread "Cache worker for file content cache (C:\Users\Ready Care\.gradle\caches\5.6.4\fileContent)" [_thread_blocked, id=16240, stack(0x0000000026390000,0x0000000026490000)]
  0x0000000022378000 JavaThread "Memory manager" [_thread_blocked, id=1700, stack(0x0000000025870000,0x0000000025970000)]
  0x000000001b88b800 JavaThread "Cache worker for execution history cache (C:\Users\Ready Care\.gradle\caches\5.6.4\executionHistory)" [_thread_blocked, id=13036, stack(0x0000000020100000,0x0000000020200000)]
  0x000000001b886800 JavaThread "Cache worker for journal cache (C:\Users\Ready Care\.gradle\caches\journal-1)" [_thread_blocked, id=17968, stack(0x000000001d890000,0x000000001d990000)]
  0x000000001b88d000 JavaThread "File lock request listener" [_thread_in_native, id=17772, stack(0x000000001d790000,0x000000001d890000)]
  0x000000001b845800 JavaThread "Cache worker for file hash cache (C:\Users\Ready Care\.gradle\caches\5.6.4\fileHashes)" [_thread_blocked, id=17040, stack(0x000000001d690000,0x000000001d790000)]
  0x000000001b0c1000 JavaThread "Daemon periodic checks" [_thread_blocked, id=12088, stack(0x000000001cb90000,0x000000001cc90000)]
  0x000000001b34f000 JavaThread "Incoming local TCP Connector on port 51307" [_thread_in_native, id=5856, stack(0x000000001c950000,0x000000001ca50000)]
  0x000000001b797000 JavaThread "Daemon health stats" [_thread_blocked, id=7584, stack(0x000000001c310000,0x000000001c410000)]
  0x0000000017f41800 JavaThread "Service Thread" daemon [_thread_blocked, id=13560, stack(0x0000000019970000,0x0000000019a70000)]
  0x0000000017f2a000 JavaThread "C1 CompilerThread3" daemon [_thread_blocked, id=12804, stack(0x0000000019870000,0x0000000019970000)]
  0x0000000017f29800 JavaThread "C2 CompilerThread2" daemon [_thread_blocked, id=14840, stack(0x0000000019770000,0x0000000019870000)]
  0x0000000017f24800 JavaThread "C2 CompilerThread1" daemon [_thread_blocked, id=11636, stack(0x0000000019670000,0x0000000019770000)]
  0x0000000017f1b000 JavaThread "C2 CompilerThread0" daemon [_thread_blocked, id=13384, stack(0x0000000019570000,0x0000000019670000)]
  0x0000000017f19800 JavaThread "Attach Listener" daemon [_thread_blocked, id=32, stack(0x0000000019470000,0x0000000019570000)]
  0x0000000017f18800 JavaThread "Signal Dispatcher" daemon [_thread_blocked, id=16936, stack(0x0000000019370000,0x0000000019470000)]
  0x0000000016852000 JavaThread "Finalizer" daemon [_thread_blocked, id=14796, stack(0x0000000019170000,0x0000000019270000)]
  0x0000000017f13000 JavaThread "Reference Handler" daemon [_thread_blocked, id=9256, stack(0x0000000019070000,0x0000000019170000)]
  0x000000000268e800 JavaThread "main" [_thread_blocked, id=16400, stack(0x0000000002690000,0x0000000002790000)]

Other Threads:
  0x0000000016845800 VMThread [stack: 0x0000000018f70000,0x0000000019070000] [id=17688]
  0x0000000017f42800 WatcherThread [stack: 0x0000000019a70000,0x0000000019b70000] [id=8028]

=>0x00000000027ac000 (exited) GCTaskThread [stack: 0x0000000012460000,0x0000000012560000] [id=4308]

VM state:at safepoint (normal execution)

VM Mutex/Monitor currently owned by a thread:  ([mutex/lock_event])
[0x000000000268d190] Threads_lock - owner thread: 0x0000000016845800
[0x000000000268db10] Heap_lock - owner thread: 0x0000000024538000

heap address: 0x00000000a0000000, size: 1536 MB, Compressed Oops mode: 32-bit
Narrow klass base: 0x0000000000000000, Narrow klass shift: 3
Compressed class space size: 1073741824 Address: 0x0000000100000000

Heap:
 PSYoungGen      total 430080K, used 23057K [0x00000000e0000000, 0x00000000ff280000, 0x0000000100000000)
  eden space 349696K, 0% used [0x00000000e0000000,0x00000000e0000000,0x00000000f5580000)
  from space 80384K, 28% used [0x00000000f5580000,0x00000000f6c045b0,0x00000000fa400000)
  to   space 74752K, 0% used [0x00000000fa980000,0x00000000fa980000,0x00000000ff280000)
 ParOldGen       total 545792K, used 527755K [0x00000000a0000000, 0x00000000c1500000, 0x00000000e0000000)
  object space 545792K, 96% used [0x00000000a0000000,0x00000000c0362c20,0x00000000c1500000)
 Metaspace       used 206995K, capacity 225906K, committed 226176K, reserved 1245184K
  class space    used 26756K, capacity 30227K, committed 30336K, reserved 1048576K

Card table byte_map: [0x0000000011c50000,0x0000000011f60000] byte_map_base: 0x0000000011750000

Marking Bits: (ParMarkBitMap*) 0x000000006b1b9f30
 Begin Bits: [0x0000000012b60000, 0x0000000014360000)
 End Bits:   [0x0000000014360000, 0x0000000015b60000)

Polling page: 0x0000000002580000

CodeCache: size=245760Kb used=146875Kb max_used=147928Kb free=98884Kb
 bounds [0x0000000002890000, 0x000000000ba30000, 0x0000000011890000]
 total_blobs=40311 nmethods=39316 adapters=904
 compilation: enabled

Compilation events (10 events):
Event: 7041.164 Thread 0x0000000017f1b000 nmethod 54101 0x0000000004683310 code [0x00000000046834a0, 0x0000000004683a78]
Event: 7041.164 Thread 0x0000000017f2a000 54107       1       com.google.common.base.Functions$ConstantFunction::apply (5 bytes)
Event: 7041.164 Thread 0x0000000017f2a000 nmethod 54107 0x00000000036c3750 code [0x00000000036c38a0, 0x00000000036c39b0]
Event: 7041.165 Thread 0x0000000017f29800 54108       4       org.gradle.execution.plan.DefaultExecutionPlan::allProjectsLocked (50 bytes)
Event: 7041.171 Thread 0x0000000017f2a000 54109       3       com.android.utils.PathUtils::toSystemIndependentPath (42 bytes)
Event: 7041.171 Thread 0x0000000017f2a000 nmethod 54109 0x000000000a4bae90 code [0x000000000a4bb0c0, 0x000000000a4bbb18]
Event: 7041.174 Thread 0x0000000017f2a000 54110       3       org.gradle.api.internal.tasks.execution.ExecuteActionsTaskExecuter$TaskExecution::createFilteredOutputFingerprints (37 bytes)
Event: 7041.175 Thread 0x0000000017f2a000 nmethod 54110 0x000000000921c050 code [0x000000000921c240, 0x000000000921ca28]
Event: 7041.175 Thread 0x0000000017f29800 nmethod 54108 0x0000000003e110d0 code [0x0000000003e11260, 0x0000000003e117e8]
Event: 7041.184 Thread 0x0000000017f2a000 54111   !   3       java.util.concurrent.ConcurrentHashMap::computeIfAbsent (493 bytes)

GC Heap History (10 events):
Event: 6869.240 GC heap after
Heap after GC invocations=145 (full 6):
 PSYoungGen      total 417280K, used 23957K [0x00000000e0000000, 0x00000000ff580000, 0x0000000100000000)
  eden space 320512K, 0% used [0x00000000e0000000,0x00000000e0000000,0x00000000f3900000)
  from space 96768K, 24% used [0x00000000f3900000,0x00000000f5065450,0x00000000f9780000)
  to   space 90624K, 0% used [0x00000000f9d00000,0x00000000f9d00000,0x00000000ff580000)
 ParOldGen       total 545792K, used 484010K [0x00000000a0000000, 0x00000000c1500000, 0x00000000e0000000)
  object space 545792K, 88% used [0x00000000a0000000,0x00000000bd8aa930,0x00000000c1500000)
 Metaspace       used 204871K, capacity 222604K, committed 222848K, reserved 1243136K
  class space    used 26439K, capacity 29772K, committed 29824K, reserved 1048576K
}
Event: 6869.688 GC heap before
{Heap before GC invocations=146 (full 6):
 PSYoungGen      total 417280K, used 344469K [0x00000000e0000000, 0x00000000ff580000, 0x0000000100000000)
  eden space 320512K, 100% used [0x00000000e0000000,0x00000000f3900000,0x00000000f3900000)
  from space 96768K, 24% used [0x00000000f3900000,0x00000000f5065450,0x00000000f9780000)
  to   space 90624K, 0% used [0x00000000f9d00000,0x00000000f9d00000,0x00000000ff580000)
 ParOldGen       total 545792K, used 484010K [0x00000000a0000000, 0x00000000c1500000, 0x00000000e0000000)
  object space 545792K, 88% used [0x00000000a0000000,0x00000000bd8aa930,0x00000000c1500000)
 Metaspace       used 204878K, capacity 222604K, committed 222848K, reserved 1243136K
  class space    used 26439K, capacity 29772K, committed 29824K, reserved 1048576K
Event: 6869.698 GC heap after
Heap after GC invocations=146 (full 6):
 PSYoungGen      total 424960K, used 6106K [0x00000000e0000000, 0x00000000ff500000, 0x0000000100000000)
  eden space 334848K, 0% used [0x00000000e0000000,0x00000000e0000000,0x00000000f4700000)
  from space 90112K, 6% used [0x00000000f9d00000,0x00000000fa2f6ae0,0x00000000ff500000)
  to   space 88064K, 0% used [0x00000000f4700000,0x00000000f4700000,0x00000000f9d00000)
 ParOldGen       total 545792K, used 499325K [0x00000000a0000000, 0x00000000c1500000, 0x00000000e0000000)
  object space 545792K, 91% used [0x00000000a0000000,0x00000000be79f5f8,0x00000000c1500000)
 Metaspace       used 204878K, capacity 222604K, committed 222848K, reserved 1243136K
  class space    used 26439K, capacity 29772K, committed 29824K, reserved 1048576K
}
Event: 6959.638 GC heap before
{Heap before GC invocations=147 (full 6):
 PSYoungGen      total 424960K, used 340954K [0x00000000e0000000, 0x00000000ff500000, 0x0000000100000000)
  eden space 334848K, 100% used [0x00000000e0000000,0x00000000f4700000,0x00000000f4700000)
  from space 90112K, 6% used [0x00000000f9d00000,0x00000000fa2f6ae0,0x00000000ff500000)
  to   space 88064K, 0% used [0x00000000f4700000,0x00000000f4700000,0x00000000f9d00000)
 ParOldGen       total 545792K, used 499325K [0x00000000a0000000, 0x00000000c1500000, 0x00000000e0000000)
  object space 545792K, 91% used [0x00000000a0000000,0x00000000be79f5f8,0x00000000c1500000)
 Metaspace       used 206236K, capacity 224468K, committed 224640K, reserved 1243136K
  class space    used 26630K, capacity 30025K, committed 30080K, reserved 1048576K
Event: 6959.649 GC heap after
Heap after GC invocations=147 (full 6):
 PSYoungGen      total 422912K, used 16407K [0x00000000e0000000, 0x00000000ff600000, 0x0000000100000000)
  eden space 334848K, 0% used [0x00000000e0000000,0x00000000e0000000,0x00000000f4700000)
  from space 88064K, 18% used [0x00000000f4700000,0x00000000f5705f00,0x00000000f9d00000)
  to   space 83968K, 0% used [0x00000000fa400000,0x00000000fa400000,0x00000000ff600000)
 ParOldGen       total 545792K, used 503250K [0x00000000a0000000, 0x00000000c1500000, 0x00000000e0000000)
  object space 545792K, 92% used [0x00000000a0000000,0x00000000beb74ba0,0x00000000c1500000)
 Metaspace       used 206236K, capacity 224468K, committed 224640K, reserved 1243136K
  class space    used 26630K, capacity 30025K, committed 30080K, reserved 1048576K
}
Event: 7038.235 GC heap before
{Heap before GC invocations=148 (full 6):
 PSYoungGen      total 422912K, used 351255K [0x00000000e0000000, 0x00000000ff600000, 0x0000000100000000)
  eden space 334848K, 100% used [0x00000000e0000000,0x00000000f4700000,0x00000000f4700000)
  from space 88064K, 18% used [0x00000000f4700000,0x00000000f5705f00,0x00000000f9d00000)
  to   space 83968K, 0% used [0x00000000fa400000,0x00000000fa400000,0x00000000ff600000)
 ParOldGen       total 545792K, used 503250K [0x00000000a0000000, 0x00000000c1500000, 0x00000000e0000000)
  object space 545792K, 92% used [0x00000000a0000000,0x00000000beb74ba0,0x00000000c1500000)
 Metaspace       used 206885K, capacity 225736K, committed 225920K, reserved 1245184K
  class space    used 26746K, capacity 30210K, committed 30336K, reserved 1048576K
Event: 7038.247 GC heap after
Heap after GC invocations=148 (full 6):
 PSYoungGen      total 432640K, used 11216K [0x00000000e0000000, 0x00000000ff500000, 0x0000000100000000)
  eden space 349696K, 0% used [0x00000000e0000000,0x00000000e0000000,0x00000000f5580000)
  from space 82944K, 13% used [0x00000000fa400000,0x00000000faef4010,0x00000000ff500000)
  to   space 80384K, 0% used [0x00000000f5580000,0x00000000f5580000,0x00000000fa400000)
 ParOldGen       total 545792K, used 517644K [0x00000000a0000000, 0x00000000c1500000, 0x00000000e0000000)
  object space 545792K, 94% used [0x00000000a0000000,0x00000000bf983368,0x00000000c1500000)
 Metaspace       used 206885K, capacity 225736K, committed 225920K, reserved 1245184K
  class space    used 26746K, capacity 30210K, committed 30336K, reserved 1048576K
}
Event: 7041.186 GC heap before
{Heap before GC invocations=149 (full 6):
 PSYoungGen      total 432640K, used 360912K [0x00000000e0000000, 0x00000000ff500000, 0x0000000100000000)
  eden space 349696K, 100% used [0x00000000e0000000,0x00000000f5580000,0x00000000f5580000)
  from space 82944K, 13% used [0x00000000fa400000,0x00000000faef4010,0x00000000ff500000)
  to   space 80384K, 0% used [0x00000000f5580000,0x00000000f5580000,0x00000000fa400000)
 ParOldGen       total 545792K, used 517644K [0x00000000a0000000, 0x00000000c1500000, 0x00000000e0000000)
  object space 545792K, 94% used [0x00000000a0000000,0x00000000bf983368,0x00000000c1500000)
 Metaspace       used 206995K, capacity 225906K, committed 226176K, reserved 1245184K
  class space    used 26756K, capacity 30227K, committed 30336K, reserved 1048576K
Event: 7041.198 GC heap after
Heap after GC invocations=149 (full 6):
 PSYoungGen      total 430080K, used 23057K [0x00000000e0000000, 0x00000000ff280000, 0x0000000100000000)
  eden space 349696K, 0% used [0x00000000e0000000,0x00000000e0000000,0x00000000f5580000)
  from space 80384K, 28% used [0x00000000f5580000,0x00000000f6c045b0,0x00000000fa400000)
  to   space 74752K, 0% used [0x00000000fa980000,0x00000000fa980000,0x00000000ff280000)
 ParOldGen       total 545792K, used 527755K [0x00000000a0000000, 0x00000000c1500000, 0x00000000e0000000)
  object space 545792K, 96% used [0x00000000a0000000,0x00000000c0362c20,0x00000000c1500000)
 Metaspace       used 206995K, capacity 225906K, committed 226176K, reserved 1245184K
  class space    used 26756K, capacity 30227K, committed 30336K, reserved 1048576K
}
Event: 7041.198 GC heap before
{Heap before GC invocations=150 (full 7):
 PSYoungGen      total 430080K, used 23057K [0x00000000e0000000, 0x00000000ff280000, 0x0000000100000000)
  eden space 349696K, 0% used [0x00000000e0000000,0x00000000e0000000,0x00000000f5580000)
  from space 80384K, 28% used [0x00000000f5580000,0x00000000f6c045b0,0x00000000fa400000)
  to   space 74752K, 0% used [0x00000000fa980000,0x00000000fa980000,0x00000000ff280000)
 ParOldGen       total 545792K, used 527755K [0x00000000a0000000, 0x00000000c1500000, 0x00000000e0000000)
  object space 545792K, 96% used [0x00000000a0000000,0x00000000c0362c20,0x00000000c1500000)
 Metaspace       used 206995K, capacity 225906K, committed 226176K, reserved 1245184K
  class space    used 26756K, capacity 30227K, committed 30336K, reserved 1048576K

Deoptimization events (10 events):
Event: 6869.908 Thread 0x000000002453a800 Uncommon trap: reason=array_check action=maybe_recompile pc=0x0000000004244e6c method=com.android.tools.r8.s.a.a.b.W.a([Ljava/lang/Object;I)I @ 32
Event: 6959.834 Thread 0x000000002a686800 Uncommon trap: reason=unstable_if action=reinterpret pc=0x000000000921c784 method=com.google.common.util.concurrent.AbstractFuture.get()Ljava/lang/Object; @ 116
Event: 6980.560 Thread 0x000000001ebdd000 Uncommon trap: reason=class_check action=maybe_recompile pc=0x0000000005483a70 method=java.lang.Integer.equals(Ljava/lang/Object;)Z @ 1
Event: 6980.564 Thread 0x000000001ebdd000 Uncommon trap: reason=unstable_if action=reinterpret pc=0x000000000724a310 method=com.google.common.cache.LocalCache$Segment.clear()V @ 4
Event: 6999.278 Thread 0x000000001ebdd000 Uncommon trap: reason=unstable_if action=reinterpret pc=0x0000000004ccb990 method=sun.reflect.misc.ReflectUtil.isVMAnonymousClass(Ljava/lang/Class;)Z @ 10
Event: 7038.402 Thread 0x000000001ebdd000 Uncommon trap: reason=class_check action=maybe_recompile pc=0x0000000003f0f9a0 method=org.gradle.api.internal.artifacts.transform.ConsumerProvidedResolvedVariant.visitDependencies(Lorg/gradle/api/internal/tasks/TaskDependencyResolveContext;)V @ 20
Event: 7039.908 Thread 0x0000000034721800 Uncommon trap: reason=predicate action=maybe_recompile pc=0x000000000adc94b0 method=java.io.ObjectInputStream.readArray(Z)Ljava/lang/Object; @ 406
Event: 7041.168 Thread 0x0000000024539800 Uncommon trap: reason=class_check action=maybe_recompile pc=0x0000000006224708 method=org.gradle.execution.plan.DefaultExecutionPlan.unlockProjectFor(Lorg/gradle/execution/plan/Node;)V @ 9
Event: 7041.169 Thread 0x0000000024541000 Uncommon trap: reason=class_check action=maybe_recompile pc=0x00000000097081bc method=com.google.common.cache.LocalCache$Segment.cleanUp()V @ 7
Event: 7041.169 Thread 0x000000002a685000 Uncommon trap: reason=unstable_if action=reinterpret pc=0x000000000640f6f0 method=java.util.concurrent.ConcurrentHashMap.computeIfAbsent(Ljava/lang/Object;Ljava/util/function/Function;)Ljava/lang/Object; @ 104

Classes redefined (0 events):
No events

Internal exceptions (10 events):
Event: 7041.018 Thread 0x000000002236f000 Exception <a 'sun/nio/fs/WindowsException'> (0x00000000f3692830) thrown at [D:\src\AOSP-openjdk-cygwin\jdk8u\hotspot\src\share\vm\prims\jni.cpp, line 710]
Event: 7041.018 Thread 0x000000002236f000 Exception <a 'sun/nio/fs/WindowsException'> (0x00000000f3692cd8) thrown at [D:\src\AOSP-openjdk-cygwin\jdk8u\hotspot\src\share\vm\prims\jni.cpp, line 710]
Event: 7041.163 Thread 0x000000002236e800 Exception <a 'sun/nio/fs/WindowsException'> (0x00000000f5153a30) thrown at [D:\src\AOSP-openjdk-cygwin\jdk8u\hotspot\src\share\vm\prims\jni.cpp, line 710]
Event: 7041.163 Thread 0x000000002236e800 Exception <a 'sun/nio/fs/WindowsException'> (0x00000000f5154b38) thrown at [D:\src\AOSP-openjdk-cygwin\jdk8u\hotspot\src\share\vm\prims\jni.cpp, line 710]
Event: 7041.164 Thread 0x000000002236e800 Exception <a 'sun/nio/fs/WindowsException'> (0x00000000f5155448) thrown at [D:\src\AOSP-openjdk-cygwin\jdk8u\hotspot\src\share\vm\prims\jni.cpp, line 710]
Event: 7041.164 Thread 0x000000002236e800 Exception <a 'sun/nio/fs/WindowsException'> (0x00000000f51558f0) thrown at [D:\src\AOSP-openjdk-cygwin\jdk8u\hotspot\src\share\vm\prims\jni.cpp, line 710]
Event: 7041.169 Thread 0x0000000022373000 Exception <a 'sun/nio/fs/WindowsException'> (0x00000000f52674a8) thrown at [D:\src\AOSP-openjdk-cygwin\jdk8u\hotspot\src\share\vm\prims\jni.cpp, line 710]
Event: 7041.169 Thread 0x0000000022373000 Exception <a 'sun/nio/fs/WindowsException'> (0x00000000f5267b70) thrown at [D:\src\AOSP-openjdk-cygwin\jdk8u\hotspot\src\share\vm\prims\jni.cpp, line 710]
Event: 7041.169 Thread 0x0000000022373000 Exception <a 'sun/nio/fs/WindowsException'> (0x00000000f5268438) thrown at [D:\src\AOSP-openjdk-cygwin\jdk8u\hotspot\src\share\vm\prims\jni.cpp, line 710]
Event: 7041.169 Thread 0x0000000022373000 Exception <a 'sun/nio/fs/WindowsException'> (0x00000000f52688e0) thrown at [D:\src\AOSP-openjdk-cygwin\jdk8u\hotspot\src\share\vm\prims\jni.cpp, line 710]

Events (10 events):
Event: 7041.169 Thread 0x0000000024541000 DEOPT PACKING pc=0x00000000097081bc sp=0x00000000377ce5b0
Event: 7041.169 Thread 0x000000002a685000 Uncommon trap: trap_request=0xffffff65 fr.pc=0x000000000640f6f0
Event: 7041.169 Thread 0x0000000024541000 DEOPT UNPACKING pc=0x00000000028d557b sp=0x00000000377ce450 mode 2
Event: 7041.169 Executing VM operation: RevokeBias
Event: 7041.169 Executing VM operation: RevokeBias done
Event: 7041.169 Thread 0x000000002a685000 DEOPT PACKING pc=0x000000000640f6f0 sp=0x0000000035fde8c0
Event: 7041.169 Thread 0x000000002a685000 DEOPT UNPACKING pc=0x00000000028d557b sp=0x0000000035fde858 mode 2
Event: 7041.185 Executing VM operation: BulkRevokeBias
Event: 7041.185 Executing VM operation: BulkRevokeBias done
Event: 7041.186 Executing VM operation: ParallelGCFailedAllocation


Dynamic libraries:
0x00007ff643b00000 - 0x00007ff643b31000 	C:\Program Files\Android\Android Studio\jre\bin\java.exe
0x00007ffc18dc0000 - 0x00007ffc18fb0000 	C:\WINDOWS\SYSTEM32\ntdll.dll
0x00007ffc178c0000 - 0x00007ffc17972000 	C:\WINDOWS\System32\KERNEL32.DLL
0x00007ffc16a90000 - 0x00007ffc16d33000 	C:\WINDOWS\System32\KERNELBASE.dll
0x00007ffc16e70000 - 0x00007ffc16f13000 	C:\WINDOWS\System32\ADVAPI32.dll
0x00007ffc18440000 - 0x00007ffc184de000 	C:\WINDOWS\System32\msvcrt.dll
0x00007ffc16fa0000 - 0x00007ffc17037000 	C:\WINDOWS\System32\sechost.dll
0x00007ffc186f0000 - 0x00007ffc18810000 	C:\WINDOWS\System32\RPCRT4.dll
0x00007ffc17ba0000 - 0x00007ffc17d34000 	C:\WINDOWS\System32\USER32.dll
0x00007ffc16d40000 - 0x00007ffc16d61000 	C:\WINDOWS\System32\win32u.dll
0x00007ffc18c80000 - 0x00007ffc18ca6000 	C:\WINDOWS\System32\GDI32.dll
0x00007ffc15ef0000 - 0x00007ffc16084000 	C:\WINDOWS\System32\gdi32full.dll
0x00007ffc16d70000 - 0x00007ffc16e0e000 	C:\WINDOWS\System32\msvcp_win.dll
0x00007ffc16840000 - 0x00007ffc1693a000 	C:\WINDOWS\System32\ucrtbase.dll
0x00007ffc054f0000 - 0x00007ffc05775000 	C:\WINDOWS\WinSxS\amd64_microsoft.windows.common-controls_6595b64144ccf1df_6.0.18362.657_none_e6c5b579130e3898\COMCTL32.dll
0x00007ffc17460000 - 0x00007ffc17796000 	C:\WINDOWS\System32\combase.dll
0x00007ffc15d50000 - 0x00007ffc15dd0000 	C:\WINDOWS\System32\bcryptPrimitives.dll
0x00007ffc18d40000 - 0x00007ffc18d6e000 	C:\WINDOWS\System32\IMM32.DLL
0x000000006a830000 - 0x000000006a902000 	C:\Program Files\Android\Android Studio\jre\jre\bin\msvcr100.dll
0x000000006a9f0000 - 0x000000006b236000 	C:\Program Files\Android\Android Studio\jre\jre\bin\server\jvm.dll
0x00007ffc18d70000 - 0x00007ffc18d78000 	C:\WINDOWS\System32\PSAPI.DLL
0x00007ffc05c90000 - 0x00007ffc05c99000 	C:\WINDOWS\SYSTEM32\WSOCK32.dll
0x00007ffc0e030000 - 0x00007ffc0e054000 	C:\WINDOWS\SYSTEM32\WINMM.dll
0x00007ffc18cb0000 - 0x00007ffc18d1f000 	C:\WINDOWS\System32\WS2_32.dll
0x00007ffc0cfe0000 - 0x00007ffc0cfea000 	C:\WINDOWS\SYSTEM32\VERSION.dll
0x00007ffc0e000000 - 0x00007ffc0e02d000 	C:\WINDOWS\SYSTEM32\winmmbase.dll
0x00007ffc15df0000 - 0x00007ffc15e3a000 	C:\WINDOWS\System32\cfgmgr32.dll
0x00007ffc11000000 - 0x00007ffc1100f000 	C:\Program Files\Android\Android Studio\jre\jre\bin\verify.dll
0x00007ffc0e100000 - 0x00007ffc0e129000 	C:\Program Files\Android\Android Studio\jre\jre\bin\java.dll
0x00007ffc0e0e0000 - 0x00007ffc0e0f6000 	C:\Program Files\Android\Android Studio\jre\jre\bin\zip.dll
0x00007ffc17d50000 - 0x00007ffc18435000 	C:\WINDOWS\System32\SHELL32.dll
0x00007ffc177a0000 - 0x00007ffc17849000 	C:\WINDOWS\System32\shcore.dll
0x00007ffc16090000 - 0x00007ffc1680f000 	C:\WINDOWS\System32\windows.storage.dll
0x00007ffc15ce0000 - 0x00007ffc15cff000 	C:\WINDOWS\System32\profapi.dll
0x00007ffc15d00000 - 0x00007ffc15d4a000 	C:\WINDOWS\System32\powrprof.dll
0x00007ffc15c90000 - 0x00007ffc15ca0000 	C:\WINDOWS\System32\UMPDC.dll
0x00007ffc17270000 - 0x00007ffc172c2000 	C:\WINDOWS\System32\shlwapi.dll
0x00007ffc15ca0000 - 0x00007ffc15cb1000 	C:\WINDOWS\System32\kernel.appcore.dll
0x00007ffc15dd0000 - 0x00007ffc15de7000 	C:\WINDOWS\System32\cryptsp.dll
0x00007ffc0e0c0000 - 0x00007ffc0e0da000 	C:\Program Files\Android\Android Studio\jre\jre\bin\net.dll
0x00007ffc0aac0000 - 0x00007ffc0ac96000 	C:\WINDOWS\SYSTEM32\urlmon.dll
0x00007ffc09690000 - 0x00007ffc09936000 	C:\WINDOWS\SYSTEM32\iertutil.dll
0x00007ffc156d0000 - 0x00007ffc156dc000 	C:\WINDOWS\SYSTEM32\CRYPTBASE.DLL
0x00007ffc15500000 - 0x00007ffc15567000 	C:\WINDOWS\system32\mswsock.dll
0x00007ffc0e0a0000 - 0x00007ffc0e0b3000 	C:\Program Files\Android\Android Studio\jre\jre\bin\nio.dll
0x00007ffbfd310000 - 0x00007ffbfd336000 	C:\Users\Ready Care\.gradle\native\30\windows-amd64\native-platform.dll
0x00007ffc10ff0000 - 0x00007ffc10ffd000 	C:\Program Files\Android\Android Studio\jre\jre\bin\management.dll
0x00007ffc15070000 - 0x00007ffc150a3000 	C:\WINDOWS\system32\rsaenh.dll
0x00007ffc16810000 - 0x00007ffc16836000 	C:\WINDOWS\System32\bcrypt.dll
0x00007ffc15bb0000 - 0x00007ffc15bd5000 	C:\WINDOWS\SYSTEM32\USERENV.dll
0x00007ffc15210000 - 0x00007ffc1524a000 	C:\WINDOWS\SYSTEM32\IPHLPAPI.DLL
0x00007ffc17b90000 - 0x00007ffc17b98000 	C:\WINDOWS\System32\NSI.dll
0x00007ffc107b0000 - 0x00007ffc107c6000 	C:\WINDOWS\SYSTEM32\dhcpcsvc6.DLL
0x00007ffc10b20000 - 0x00007ffc10b3c000 	C:\WINDOWS\SYSTEM32\dhcpcsvc.DLL
0x00007ffc15250000 - 0x00007ffc1531a000 	C:\WINDOWS\SYSTEM32\DNSAPI.dll
0x00007ffbfd370000 - 0x00007ffbfd38e000 	C:\Users\Ready Care\AppData\Local\Temp\native-platform6412810689054482765dir\native-platform.dll
0x00007ffbfd340000 - 0x00007ffbfd364000 	C:\Program Files\Android\Android Studio\jre\jre\bin\sunec.dll
0x00007ffc108f0000 - 0x00007ffc108fa000 	C:\Windows\System32\rasadhlp.dll
0x00007ffc10500000 - 0x00007ffc10577000 	C:\WINDOWS\System32\fwpuclnt.dll
0x00007ffc0fce0000 - 0x00007ffc0fceb000 	C:\Program Files\Android\Android Studio\jre\jre\bin\sunmscapi.dll
0x00007ffc16940000 - 0x00007ffc16a89000 	C:\WINDOWS\System32\CRYPT32.dll
0x00007ffc15cc0000 - 0x00007ffc15cd2000 	C:\WINDOWS\System32\MSASN1.dll
0x00007ffc14e00000 - 0x00007ffc14e31000 	C:\WINDOWS\SYSTEM32\ntmarta.dll
0x00007ffbfdfb0000 - 0x00007ffbfdfce000 	C:\Users\Ready Care\AppData\Local\Temp\native-platform1466717879693890941dir\native-platform.dll
0x00007ffc13e30000 - 0x00007ffc13ebf000 	C:\WINDOWS\system32\apphelp.dll
0x00007ffc0fad0000 - 0x00007ffc0fcc4000 	C:\WINDOWS\SYSTEM32\dbghelp.dll

VM Arguments:
jvm_args: -Xmx1536m -Dfile.encoding=windows-1252 -Duser.country=CA -Duser.language=en -Duser.variant 
java_command: org.gradle.launcher.daemon.bootstrap.GradleDaemon 5.6.4
java_class_path (initial): C:\Users\Ready Care\.gradle\wrapper\dists\gradle-5.6.4-all\ankdp27end7byghfw1q2sw75f\gradle-5.6.4\lib\gradle-launcher-5.6.4.jar
Launcher Type: SUN_STANDARD

Environment Variables:
PATH=C:\Program Files (x86)\Intel\Intel(R) Management Engine Components\iCLS\;C:\Program Files\Intel\Intel(R) Management Engine Components\iCLS\;C:\WINDOWS\system32;C:\WINDOWS;C:\WINDOWS\System32\Wbem;C:\WINDOWS\System32\WindowsPowerShell\v1.0\;C:\WINDOWS\System32\OpenSSH\;C:\Program Files (x86)\Intel\Intel(R) Management Engine Components\DAL;C:\Program Files\Intel\Intel(R) Management Engine Components\DAL;C:\Program Files (x86)\Intel\Intel(R) Management Engine Components\IPT;C:\Program Files\Intel\Intel(R) Management Engine Components\IPT;C:\Program Files\Git\cmd;C:\Users\Ready Care\AppData\Local\Android\Sdk\platform-tools\;;%USERPROFILE%\AppData\Local\Microsoft\WindowsApps
USERNAME=Ready Care
OS=Windows_NT
PROCESSOR_IDENTIFIER=Intel64 Family 6 Model 158 Stepping 10, GenuineIntel



---------------  S Y S T E M  ---------------

OS: Windows 10.0 , 64 bit Build 18362 (10.0.18362.329)

CPU:total 12 (initial active 12) (6 cores per cpu, 2 threads per core) family 6 model 158 stepping 10, cmov, cx8, fxsr, mmx, sse, sse2, sse3, ssse3, sse4.1, sse4.2, popcnt, avx, avx2, aes, clmul, erms, rtm, 3dnowpref, lzcnt, ht, tsc, tscinvbit, bmi1, bmi2, adx

Memory: 4k page, physical 16641068k(4103252k free), swap 23892252k(2661880k free)

vm_info: OpenJDK 64-Bit Server VM (25.212-b04) for windows-amd64 JRE (1.8.0_212-release-1586-b04), built by "builder" with MS VC++ 10.0 (VS2010)

time: Fri Mar 06 12:30:36 2020
timezone: Eastern Standard Time
elapsed time: 7041 seconds (0d 1h 57m 21s)

